<?xml version="1.0" encoding="UTF-8"?>
<!-- Generated by org.testng.reporters.JUnitXMLReporter -->
<testsuite ignored="0" hostname="DESKTOP-T4KLA5G" failures="0" tests="3" name="Default test" time="0.063" errors="0" timestamp="2023-06-21T06:57:59 IST">
  <testcase classname="TC_repos.sample2" name="usercreated" time="0.008"/>
  <testcase classname="TC_repos.sample2" name="usermodified" time="0.001"/>
  <testcase classname="TC_repos.sample2" name="userdelete" time="0.001"/>
</testsuite> <!-- Default test -->
